# JRE version: Java(TM) SE Runtime Environment (20.0.1+9) (build 20.0.1+9-29)
# Java VM: Java HotSpot(TM) 64-Bit Server VM (20.0.1+9-29, mixed mode, sharing, tiered, compressed oops, compressed class ptrs, g1 gc, windows-amd64)
GC Precious Log:
 CardTable entry size: 512
 Card Set container configuration: InlinePtr #cards 5 size 8 Array Of Cards #cards 12 size 40 Howl #buckets 4 coarsen threshold 1843 Howl Bitmap #cards 512 size 80 coarsen threshold 460 Card regions per heap region 1 cards per card region 2048
 CPUs: 2 total, 2 available
 Memory: 4007M
 Large Page Support: Disabled
 NUMA Support: Disabled
 Compressed Oops: Enabled (32-bit)
 Heap Region Size: 1M
 Heap Min Capacity: 8M
 Heap Initial Capacity: 64M
 Heap Max Capacity: 1002M
 Pre-touch: Disabled
 Parallel Workers: 2
 Concurrent Workers: 1
 Concurrent Refinement Workers: 2
 Periodic GC: Disabled
Heap:
 garbage-first heap   total 45056K, used 30253K [0x00000000c1600000, 0x0000000100000000)
  region size 1024K, 20 young (20480K), 4 survivors (4096K)
 Metaspace       used 34923K, committed 35392K, reserved 1114112K
  class space    used 4273K, committed 4480K, reserved 1048576K
GC Heap History (14 events):
Event: 0.575 GC heap before
{Heap before GC invocations=0 (full 0):
 garbage-first heap   total 65536K, used 6144K [0x00000000c1600000, 0x0000000100000000)
  region size 1024K, 6 young (6144K), 0 survivors (0K)
 Metaspace       used 773K, committed 896K, reserved 1114112K
  class space    used 47K, committed 128K, reserved 1048576K
}
Event: 0.580 GC heap after
{Heap after GC invocations=1 (full 0):
 garbage-first heap   total 65536K, used 4744K [0x00000000c1600000, 0x0000000100000000)
  region size 1024K, 1 young (1024K), 1 survivors (1024K)
 Metaspace       used 773K, committed 896K, reserved 1114112K
  class space    used 47K, committed 128K, reserved 1048576K
}
Event: 0.920 GC heap before
{Heap before GC invocations=1 (full 0):
 garbage-first heap   total 65536K, used 7816K [0x00000000c1600000, 0x0000000100000000)
  region size 1024K, 4 young (4096K), 1 survivors (1024K)
 Metaspace       used 2370K, committed 2560K, reserved 1114112K
  class space    used 228K, committed 320K, reserved 1048576K
}
Event: 0.924 GC heap after
{Heap after GC invocations=2 (full 0):
 garbage-first heap   total 65536K, used 5584K [0x00000000c1600000, 0x0000000100000000)
  region size 1024K, 1 young (1024K), 1 survivors (1024K)
 Metaspace       used 2370K, committed 2560K, reserved 1114112K
  class space    used 228K, committed 320K, reserved 1048576K
}
Event: 1.579 GC heap before
{Heap before GC invocations=2 (full 0):
 garbage-first heap   total 65536K, used 13776K [0x00000000c1600000, 0x0000000100000000)
  region size 1024K, 10 young (10240K), 1 survivors (1024K)
 Metaspace       used 5544K, committed 5696K, reserved 1114112K
  class space    used 626K, committed 704K, reserved 1048576K
}
Event: 1.584 GC heap after
{Heap after GC invocations=3 (full 0):
 garbage-first heap   total 65536K, used 6348K [0x00000000c1600000, 0x0000000100000000)
  region size 1024K, 2 young (2048K), 2 survivors (2048K)
 Metaspace       used 5544K, committed 5696K, reserved 1114112K
  class space    used 626K, committed 704K, reserved 1048576K
}
Event: 3.219 GC heap before
{Heap before GC invocations=3 (full 0):
 garbage-first heap   total 65536K, used 42188K [0x00000000c1600000, 0x0000000100000000)
  region size 1024K, 38 young (38912K), 2 survivors (2048K)
 Metaspace       used 15201K, committed 15424K, reserved 1114112K
  class space    used 1830K, committed 1920K, reserved 1048576K
}
Event: 3.235 GC heap after
{Heap after GC invocations=4 (full 0):
 garbage-first heap   total 65536K, used 9355K [0x00000000c1600000, 0x0000000100000000)
  region size 1024K, 5 young (5120K), 5 survivors (5120K)
 Metaspace       used 15201K, committed 15424K, reserved 1114112K
  class space    used 1830K, committed 1920K, reserved 1048576K
}
Event: 5.679 GC heap before
{Heap before GC invocations=4 (full 0):
 garbage-first heap   total 65536K, used 43147K [0x00000000c1600000, 0x0000000100000000)
  region size 1024K, 38 young (38912K), 5 survivors (5120K)
 Metaspace       used 20548K, committed 20928K, reserved 1114112K
  class space    used 2478K, committed 2624K, reserved 1048576K
}
Event: 5.699 GC heap after
{Heap after GC invocations=5 (full 0):
 garbage-first heap   total 65536K, used 12136K [0x00000000c1600000, 0x0000000100000000)
  region size 1024K, 3 young (3072K), 3 survivors (3072K)
 Metaspace       used 20548K, committed 20928K, reserved 1114112K
  class space    used 2478K, committed 2624K, reserved 1048576K
}
Event: 5.905 GC heap before
{Heap before GC invocations=5 (full 0):
 garbage-first heap   total 65536K, used 15208K [0x00000000c1600000, 0x0000000100000000)
  region size 1024K, 7 young (7168K), 3 survivors (3072K)
 Metaspace       used 21145K, committed 21504K, reserved 1114112K
  class space    used 2572K, committed 2752K, reserved 1048576K
}
Event: 5.917 GC heap after
{Heap after GC invocations=6 (full 0):
 garbage-first heap   total 65536K, used 12767K [0x00000000c1600000, 0x0000000100000000)
  region size 1024K, 1 young (1024K), 1 survivors (1024K)
 Metaspace       used 21145K, committed 21504K, reserved 1114112K
  class space    used 2572K, committed 2752K, reserved 1048576K
}
Event: 8.093 GC heap before
{Heap before GC invocations=7 (full 0):
 garbage-first heap   total 45056K, used 38367K [0x00000000c1600000, 0x0000000100000000)
  region size 1024K, 26 young (26624K), 1 survivors (1024K)
 Metaspace       used 27073K, committed 27584K, reserved 1114112K
  class space    used 3356K, committed 3584K, reserved 1048576K
}
Event: 8.108 GC heap after
{Heap after GC invocations=8 (full 0):
 garbage-first heap   total 45056K, used 15917K [0x00000000c1600000, 0x0000000100000000)
  region size 1024K, 4 young (4096K), 4 survivors (4096K)
 Metaspace       used 27073K, committed 27584K, reserved 1114112K
  class space    used 3356K, committed 3584K, reserved 1048576K
}

